<?xml version="1.0" encoding="UTF-8"?>
<testng-results ignored="0" total="1" passed="1" failed="0" skipped="0">
  <reporter-output>
    <line>
      <![CDATA[Ram Shitole Deshmukh]]>
    </line>
  </reporter-output>
  <suite started-at="2022-05-31T17:30:19 IST" name="Default suite" finished-at="2022-05-31T17:34:08 IST" duration-ms="228907">
    <groups>
    </groups>
    <test started-at="2022-05-31T17:30:19 IST" name="Default test" finished-at="2022-05-31T17:34:08 IST" duration-ms="228907">
      <class name="test.FriendSearch">
        <test-method is-config="true" signature="beforeClass()[pri:0, instance:test.FriendSearch@2145b572]" started-at="2022-05-31T17:30:19 IST" name="beforeClass" finished-at="2022-05-31T17:31:25 IST" duration-ms="65775" status="PASS">
          <reporter-output>
          </reporter-output>
        </test-method> <!-- beforeClass -->
        <test-method is-config="true" signature="beforeMethod()[pri:0, instance:test.FriendSearch@2145b572]" started-at="2022-05-31T17:31:25 IST" name="beforeMethod" finished-at="2022-05-31T17:31:32 IST" duration-ms="7413" status="PASS">
          <reporter-output>
          </reporter-output>
        </test-method> <!-- beforeMethod -->
        <test-method signature="f()[pri:0, instance:test.FriendSearch@2145b572]" started-at="2022-05-31T17:31:32 IST" name="f" finished-at="2022-05-31T17:33:06 IST" duration-ms="94181" status="PASS">
          <reporter-output>
            <line>
              <![CDATA[Ram Shitole Deshmukh]]>
            </line>
          </reporter-output>
        </test-method> <!-- f -->
        <test-method is-config="true" signature="afterMethod()[pri:0, instance:test.FriendSearch@2145b572]" started-at="2022-05-31T17:33:07 IST" name="afterMethod" finished-at="2022-05-31T17:33:47 IST" duration-ms="40790" status="PASS">
          <reporter-output>
          </reporter-output>
        </test-method> <!-- afterMethod -->
        <test-method is-config="true" signature="afterClass()[pri:0, instance:test.FriendSearch@2145b572]" started-at="2022-05-31T17:33:47 IST" name="afterClass" finished-at="2022-05-31T17:34:06 IST" duration-ms="18996" status="PASS">
          <reporter-output>
          </reporter-output>
        </test-method> <!-- afterClass -->
      </class> <!-- test.FriendSearch -->
    </test> <!-- Default test -->
  </suite> <!-- Default suite -->
</testng-results>
